<?xml version="1.0" encoding="UTF-8"?>
<results version="2">
    <cppcheck version="1.84"/>
    <errors>
        <error id="arrayIndexOutOfBounds" severity="error" msg="Array &apos;entity_4[46]&apos; accessed at index 96, which is out of bounds." verbose="Array &apos;entity_4[46]&apos; accessed at index 96, which is out of bounds." cwe="119">
            <location file="1b319e6c02.c" line="10" info="Array index out of bounds"/>
            <location file="1b319e6c02.c" line="9" info="Assignment &apos;entity_7=96&apos;, assigned value is 96"/>
            <symbol>entity_4</symbol>
        </error>
        <error id="unreadVariable" severity="style" msg="Variable &apos;entity_4&apos; is assigned a value that is never used." verbose="Variable &apos;entity_4&apos; is assigned a value that is never used." cwe="563">
            <location file="1b319e6c02.c" line="10"/>
            <symbol>entity_4</symbol>
        </error>
        <error id="unreadVariable" severity="style" msg="Variable &apos;entity_8&apos; is assigned a value that is never used." verbose="Variable &apos;entity_8&apos; is assigned a value that is never used." cwe="563">
            <location file="1b319e6c02.c" line="20"/>
            <symbol>entity_8</symbol>
        </error>
        <error id="unreadVariable" severity="style" msg="Variable &apos;entity_1&apos; is assigned a value that is never used." verbose="Variable &apos;entity_1&apos; is assigned a value that is never used." cwe="563">
            <location file="1b319e6c02.c" line="19"/>
            <symbol>entity_1</symbol>
        </error>
        <error id="arrayIndexOutOfBounds" severity="error" msg="Array &apos;entity_4[46]&apos; accessed at index 96, which is out of bounds." verbose="Array &apos;entity_4[46]&apos; accessed at index 96, which is out of bounds." cwe="119">
            <location file="1b319e6c02.c" line="10" info="Array index out of bounds"/>
            <symbol>entity_4</symbol>
        </error>
        <error id="missingIncludeSystem" severity="information" msg="Cppcheck cannot find all the include files (use --check-config for details)" verbose="Cppcheck cannot find all the include files. Cppcheck can check the code without the include files found. But the results will probably be more accurate if all the include files are found. Please check your project&apos;s include directories and add all of them as include directories for Cppcheck. To see what files Cppcheck cannot find use --check-config."/>
    </errors>
</results>
