<?xml version="1.0" encoding="UTF-8"?>
<results version="2">
    <cppcheck version="1.84"/>
    <errors>
        <error id="arrayIndexOutOfBounds" severity="error" msg="Array &apos;entity_8[12]&apos; accessed at index 82, which is out of bounds." verbose="Array &apos;entity_8[12]&apos; accessed at index 82, which is out of bounds." cwe="119">
            <location file="43bdb3e4db.c" line="13" info="Array index out of bounds"/>
            <location file="43bdb3e4db.c" line="11" info="Assignment &apos;entity_1=82&apos;, assigned value is 82"/>
            <symbol>entity_8</symbol>
        </error>
        <error id="unreadVariable" severity="style" msg="Variable &apos;entity_8&apos; is assigned a value that is never used." verbose="Variable &apos;entity_8&apos; is assigned a value that is never used." cwe="563">
            <location file="43bdb3e4db.c" line="13"/>
            <symbol>entity_8</symbol>
        </error>
        <error id="missingIncludeSystem" severity="information" msg="Cppcheck cannot find all the include files (use --check-config for details)" verbose="Cppcheck cannot find all the include files. Cppcheck can check the code without the include files found. But the results will probably be more accurate if all the include files are found. Please check your project&apos;s include directories and add all of them as include directories for Cppcheck. To see what files Cppcheck cannot find use --check-config."/>
    </errors>
</results>
