<?xml version="1.0" encoding="UTF-8"?>
<results version="2">
    <cppcheck version="1.84"/>
    <errors>
        <error id="arrayIndexOutOfBounds" severity="error" msg="Array &apos;entity_3[37]&apos; accessed at index 95, which is out of bounds." verbose="Array &apos;entity_3[37]&apos; accessed at index 95, which is out of bounds." cwe="119">
            <location file="6c52ad11f9.c" line="14" info="Array index out of bounds"/>
            <location file="6c52ad11f9.c" line="10" info="Assignment &apos;entity_5=95&apos;, assigned value is 95"/>
            <symbol>entity_3</symbol>
        </error>
        <error id="knownConditionTrueFalse" severity="style" msg="Condition &apos;entity_5&lt;entity_7&apos; is always false" verbose="Condition &apos;entity_5&lt;entity_7&apos; is always false" cwe="570">
            <location file="6c52ad11f9.c" line="9" info="Condition &apos;entity_5&lt;entity_7&apos; is always false"/>
            <location file="6c52ad11f9.c" line="7" info="Assignment &apos;entity_5=59&apos;, assigned value is 59"/>
        </error>
        <error id="unreadVariable" severity="style" msg="Variable &apos;entity_3&apos; is assigned a value that is never used." verbose="Variable &apos;entity_3&apos; is assigned a value that is never used." cwe="563">
            <location file="6c52ad11f9.c" line="14"/>
            <symbol>entity_3</symbol>
        </error>
        <error id="arrayIndexOutOfBounds" severity="error" msg="Array &apos;entity_3[37]&apos; accessed at index 57, which is out of bounds." verbose="Array &apos;entity_3[37]&apos; accessed at index 57, which is out of bounds." cwe="119">
            <location file="6c52ad11f9.c" line="14" info="Array index out of bounds"/>
            <location file="6c52ad11f9.c" line="12" info="Assignment &apos;entity_5=57&apos;, assigned value is 57"/>
            <symbol>entity_3</symbol>
        </error>
        <error id="missingIncludeSystem" severity="information" msg="Cppcheck cannot find all the include files (use --check-config for details)" verbose="Cppcheck cannot find all the include files. Cppcheck can check the code without the include files found. But the results will probably be more accurate if all the include files are found. Please check your project&apos;s include directories and add all of them as include directories for Cppcheck. To see what files Cppcheck cannot find use --check-config."/>
    </errors>
</results>
