<?xml version="1.0" encoding="UTF-8"?>
<results version="2">
    <cppcheck version="1.84"/>
    <errors>
        <error id="arrayIndexOutOfBounds" severity="error" msg="Array &apos;entity_2[66]&apos; accessed at index 78, which is out of bounds." verbose="Array &apos;entity_2[66]&apos; accessed at index 78, which is out of bounds." cwe="119">
            <location file="98ca7177ec.c" line="21" info="Array index out of bounds"/>
            <location file="98ca7177ec.c" line="20" info="Assignment &apos;entity_4=78&apos;, assigned value is 78"/>
            <symbol>entity_2</symbol>
        </error>
        <error id="arrayIndexOutOfBounds" severity="error" msg="Array &apos;entity_6[32]&apos; accessed at index 88, which is out of bounds." verbose="Array &apos;entity_6[32]&apos; accessed at index 88, which is out of bounds." cwe="119">
            <location file="98ca7177ec.c" line="25" info="Array index out of bounds"/>
            <location file="98ca7177ec.c" line="24" info="Assignment &apos;entity_7=88&apos;, assigned value is 88"/>
            <symbol>entity_6</symbol>
        </error>
        <error id="knownConditionTrueFalse" severity="style" msg="Condition &apos;entity_5&lt;entity_9&apos; is always false" verbose="Condition &apos;entity_5&lt;entity_9&apos; is always false" cwe="570">
            <location file="98ca7177ec.c" line="9" info="Condition &apos;entity_5&lt;entity_9&apos; is always false"/>
            <location file="98ca7177ec.c" line="6" info="Assignment &apos;entity_5=89&apos;, assigned value is 89"/>
        </error>
        <error id="unreadVariable" severity="style" msg="Variable &apos;entity_8&apos; is assigned a value that is never used." verbose="Variable &apos;entity_8&apos; is assigned a value that is never used." cwe="563">
            <location file="98ca7177ec.c" line="14"/>
            <symbol>entity_8</symbol>
        </error>
        <error id="unreadVariable" severity="style" msg="Variable &apos;entity_2&apos; is assigned a value that is never used." verbose="Variable &apos;entity_2&apos; is assigned a value that is never used." cwe="563">
            <location file="98ca7177ec.c" line="21"/>
            <symbol>entity_2</symbol>
        </error>
        <error id="unreadVariable" severity="style" msg="Variable &apos;entity_0&apos; is assigned a value that is never used." verbose="Variable &apos;entity_0&apos; is assigned a value that is never used." cwe="563">
            <location file="98ca7177ec.c" line="19"/>
            <symbol>entity_0</symbol>
        </error>
        <error id="unreadVariable" severity="style" msg="Variable &apos;entity_6&apos; is assigned a value that is never used." verbose="Variable &apos;entity_6&apos; is assigned a value that is never used." cwe="563">
            <location file="98ca7177ec.c" line="25"/>
            <symbol>entity_6</symbol>
        </error>
        <error id="arrayIndexOutOfBounds" severity="error" msg="Array &apos;entity_2[66]&apos; accessed at index 78, which is out of bounds." verbose="Array &apos;entity_2[66]&apos; accessed at index 78, which is out of bounds." cwe="119">
            <location file="98ca7177ec.c" line="21" info="Array index out of bounds"/>
            <symbol>entity_2</symbol>
        </error>
        <error id="arrayIndexOutOfBounds" severity="error" msg="Array &apos;entity_6[32]&apos; accessed at index 88, which is out of bounds." verbose="Array &apos;entity_6[32]&apos; accessed at index 88, which is out of bounds." cwe="119">
            <location file="98ca7177ec.c" line="25" info="Array index out of bounds"/>
            <symbol>entity_6</symbol>
        </error>
        <error id="missingIncludeSystem" severity="information" msg="Cppcheck cannot find all the include files (use --check-config for details)" verbose="Cppcheck cannot find all the include files. Cppcheck can check the code without the include files found. But the results will probably be more accurate if all the include files are found. Please check your project&apos;s include directories and add all of them as include directories for Cppcheck. To see what files Cppcheck cannot find use --check-config."/>
    </errors>
</results>
