<?xml version="1.0" encoding="UTF-8"?>
<results version="2">
    <cppcheck version="1.84"/>
    <errors>
        <error id="arrayIndexOutOfBounds" severity="error" msg="Array &apos;entity_3[53]&apos; accessed at index 58, which is out of bounds." verbose="Array &apos;entity_3[53]&apos; accessed at index 58, which is out of bounds." cwe="119">
            <location file="baaaf3158e.c" line="14" info="Array index out of bounds"/>
            <location file="baaaf3158e.c" line="10" info="Assignment &apos;entity_4=58&apos;, assigned value is 58"/>
            <symbol>entity_3</symbol>
        </error>
        <error id="knownConditionTrueFalse" severity="style" msg="Condition &apos;entity_4&lt;entity_6&apos; is always true" verbose="Condition &apos;entity_4&lt;entity_6&apos; is always true" cwe="571">
            <location file="baaaf3158e.c" line="9" info="Condition &apos;entity_4&lt;entity_6&apos; is always true"/>
            <location file="baaaf3158e.c" line="6" info="Assignment &apos;entity_4=15&apos;, assigned value is 15"/>
        </error>
        <error id="unreadVariable" severity="style" msg="Variable &apos;entity_3&apos; is assigned a value that is never used." verbose="Variable &apos;entity_3&apos; is assigned a value that is never used." cwe="563">
            <location file="baaaf3158e.c" line="14"/>
            <symbol>entity_3</symbol>
        </error>
        <error id="missingIncludeSystem" severity="information" msg="Cppcheck cannot find all the include files (use --check-config for details)" verbose="Cppcheck cannot find all the include files. Cppcheck can check the code without the include files found. But the results will probably be more accurate if all the include files are found. Please check your project&apos;s include directories and add all of them as include directories for Cppcheck. To see what files Cppcheck cannot find use --check-config."/>
    </errors>
</results>
